<?xml version="1.0" encoding="UTF-8"?>
<testng-results ignored="0" total="1" passed="1" failed="0" skipped="0">
  <reporter-output>
  </reporter-output>
  <suite started-at="2024-04-28T03:56:21 GMT-04:00" name="Default suite" finished-at="2024-04-28T03:56:22 GMT-04:00" duration-ms="174">
    <groups>
    </groups>
    <test started-at="2024-04-28T03:56:21 GMT-04:00" name="Default test" finished-at="2024-04-28T03:56:22 GMT-04:00" duration-ms="174">
      <class name="testcases.Demotest">
        <test-method signature="test3()[pri:3, instance:testcases.Demotest@1e6a3214]" started-at="2024-04-28T03:56:22 GMT-04:00" name="test3" finished-at="2024-04-28T03:56:22 GMT-04:00" duration-ms="30" status="PASS">
          <reporter-output>
          </reporter-output>
        </test-method> <!-- test3 -->
      </class> <!-- testcases.Demotest -->
    </test> <!-- Default test -->
  </suite> <!-- Default suite -->
</testng-results>
