<?xml version="1.0" encoding="UTF-8"?>
<!-- Generated by org.testng.reporters.JUnitXMLReporter -->
<testsuite ignored="2" hostname="DESKTOP-UI4FKQ7" failures="0" tests="1" name="Default test" time="0.174" errors="0" timestamp="2024-04-28T03:56:22 GMT-04:00">
  <testcase classname="testcases.Demotest" name="test3" time="0.03"/>
  <testcase classname="testcases.Demotest" name="test2" time="0.0">
    <ignored/>
  </testcase> <!-- test2 -->
  <testcase classname="testcases.Demotest" name="test1" time="0.0">
    <ignored/>
  </testcase> <!-- test1 -->
</testsuite> <!-- Default test -->
