<?xml version="1.0" encoding="UTF-8"?>
<testng-results ignored="0" total="1" passed="1" failed="0" skipped="0">
  <reporter-output>
  </reporter-output>
  <suite started-at="2024-05-26T02:15:39 GMT-04:00" name="Default suite" finished-at="2024-05-26T02:15:39 GMT-04:00" duration-ms="112">
    <groups>
    </groups>
    <test started-at="2024-05-26T02:15:39 GMT-04:00" name="Default test" finished-at="2024-05-26T02:15:39 GMT-04:00" duration-ms="112">
      <class name="testcases.Receivemail">
        <test-method is-config="true" signature="launchApp()[pri:0, instance:testcases.Receivemail@2767e23c]" started-at="2024-05-26T02:15:39 GMT-04:00" name="launchApp" finished-at="2024-05-26T02:15:39 GMT-04:00" duration-ms="40" status="PASS">
          <reporter-output>
          </reporter-output>
        </test-method> <!-- launchApp -->
        <test-method is-config="true" signature="login()[pri:0, instance:testcases.Receivemail@2767e23c]" started-at="2024-05-26T02:15:39 GMT-04:00" name="login" finished-at="2024-05-26T02:15:39 GMT-04:00" duration-ms="2" status="PASS">
          <reporter-output>
          </reporter-output>
        </test-method> <!-- login -->
        <test-method is-config="true" signature="logout()[pri:0, instance:testcases.Receivemail@2767e23c]" started-at="2024-05-26T02:15:39 GMT-04:00" name="logout" finished-at="2024-05-26T02:15:39 GMT-04:00" duration-ms="1" status="PASS">
          <reporter-output>
          </reporter-output>
        </test-method> <!-- logout -->
        <test-method signature="m1()[pri:0, instance:testcases.Receivemail@2767e23c]" started-at="2024-05-26T02:15:39 GMT-04:00" name="m1" finished-at="2024-05-26T02:15:39 GMT-04:00" duration-ms="13" status="PASS">
          <reporter-output>
          </reporter-output>
        </test-method> <!-- m1 -->
        <test-method is-config="true" signature="closeApp()[pri:0, instance:testcases.Receivemail@2767e23c]" started-at="2024-05-26T02:15:39 GMT-04:00" name="closeApp" finished-at="2024-05-26T02:15:39 GMT-04:00" duration-ms="1" status="PASS">
          <reporter-output>
          </reporter-output>
        </test-method> <!-- closeApp -->
      </class> <!-- testcases.Receivemail -->
    </test> <!-- Default test -->
  </suite> <!-- Default suite -->
</testng-results>
